<?xml version="1.0" encoding="UTF-8"?>
<!-- Generated by org.testng.reporters.JUnitReportReporter -->
<testsuite hostname="DESKTOP-VFU7UBS" failures="0" tests="1" name="headerDemo.Headers" time="4.961" errors="0" timestamp="2023-07-26T14:35:05 IST" skipped="0">
  <testcase classname="headerDemo.Headers" name="getHeaders" time="4.961"/>
  <system-out/>
</testsuite> <!-- headerDemo.Headers -->
