<?xml version="1.0" encoding="UTF-8"?>
<!-- Generated by org.testng.reporters.JUnitReportReporter -->
<testsuite hostname="DESKTOP-VFU7UBS" failures="0" tests="1" name="validateResponseBody.ValidateJsonResponseBody" time="3.026" errors="0" timestamp="2023-08-10T12:54:40 IST" skipped="0">
  <testcase classname="validateResponseBody.ValidateJsonResponseBody" name="testJsonResponseBodyData" time="3.026"/>
</testsuite> <!-- validateResponseBody.ValidateJsonResponseBody -->
