<?xml version="1.0" encoding="UTF-8"?>
<!-- Generated by org.testng.reporters.JUnitReportReporter -->
<testsuite hostname="DESKTOP-VFU7UBS" failures="0" tests="1" name="headerDemo.BasicHeaderValidation" time="4.301" errors="0" timestamp="2023-08-10T11:40:11 IST" skipped="0">
  <testcase classname="headerDemo.BasicHeaderValidation" name="testHeader" time="4.301"/>
</testsuite> <!-- headerDemo.BasicHeaderValidation -->
