<?xml version="1.0" encoding="UTF-8"?>
<!-- Generated by org.testng.reporters.JUnitReportReporter -->
<testsuite hostname="DESKTOP-VFU7UBS" failures="0" tests="1" name="Chaining.CreateUser" time="3.715" errors="0" timestamp="2023-08-10T16:06:53 IST" skipped="0">
  <testcase classname="Chaining.CreateUser" name="test_CreateUser" time="3.715"/>
</testsuite> <!-- Chaining.CreateUser -->
