<?xml version="1.0" encoding="UTF-8"?>
<!-- Generated by org.testng.reporters.JUnitReportReporter -->
<testsuite hostname="DESKTOP-VFU7UBS" failures="0" tests="4" name="apiAllMethods.AllApiMethods" time="7.215" errors="0" timestamp="2023-08-10T10:53:07 IST" skipped="0">
  <testcase classname="apiAllMethods.AllApiMethods" name="getUser" time="5.148"/>
  <testcase classname="apiAllMethods.AllApiMethods" name="createUser" time="1.036"/>
  <testcase classname="apiAllMethods.AllApiMethods" name="updateUser" time="0.524"/>
  <testcase classname="apiAllMethods.AllApiMethods" name="deleteUser" time="0.507"/>
</testsuite> <!-- apiAllMethods.AllApiMethods -->
