<?xml version="1.0" encoding="UTF-8"?>
<!-- Generated by org.testng.reporters.JUnitReportReporter -->
<testsuite hostname="DESKTOP-VFU7UBS" failures="0" tests="2" name="differentWayTCreatePostMethod.PostUSingOrgJsonLibrary" time="4.926" errors="0" timestamp="2023-08-10T11:15:09 IST" skipped="0">
  <testcase classname="differentWayTCreatePostMethod.PostUSingOrgJsonLibrary" name="PostUsingOrgJsonLib" time="4.874"/>
  <testcase classname="differentWayTCreatePostMethod.PostUSingOrgJsonLibrary" name="testDelete" time="0.052"/>
</testsuite> <!-- differentWayTCreatePostMethod.PostUSingOrgJsonLibrary -->
