<?xml version="1.0" encoding="UTF-8"?>
<!-- Generated by org.testng.reporters.JUnitReportReporter -->
<testsuite hostname="DESKTOP-VFU7UBS" failures="0" tests="1" name="validateResponseBody.ResponseBodyDemo" time="4.405" errors="0" timestamp="2023-08-10T11:51:06 IST" skipped="0">
  <testcase classname="validateResponseBody.ResponseBodyDemo" name="testJsonResponse" time="4.405"/>
</testsuite> <!-- validateResponseBody.ResponseBodyDemo -->
