<?xml version="1.0" encoding="UTF-8"?>
<!-- Generated by org.testng.reporters.JUnitReportReporter -->
<testsuite hostname="DESKTOP-VFU7UBS" failures="0" tests="1" name="XMLResponse.AdditionalValidationForXMLResponse" time="1.976" errors="0" timestamp="2023-08-10T18:18:02 IST" skipped="0">
  <testcase classname="XMLResponse.AdditionalValidationForXMLResponse" name="testXMLResponseBody" time="1.976"/>
</testsuite> <!-- XMLResponse.AdditionalValidationForXMLResponse -->
