<?xml version="1.0" encoding="UTF-8"?>
<!-- Generated by org.testng.reporters.JUnitReportReporter -->
<testsuite hostname="DESKTOP-VFU7UBS" failures="0" tests="1" name="SerializationAndDeserialization.Deserialization" time="0.440" errors="0" timestamp="2023-08-10T15:00:22 IST" skipped="0">
  <testcase classname="SerializationAndDeserialization.Deserialization" name="convertJson2Pojon" time="0.440"/>
</testsuite> <!-- SerializationAndDeserialization.Deserialization -->
