<?xml version="1.0" encoding="UTF-8"?>
<!-- Generated by org.testng.reporters.JUnitReportReporter -->
<testsuite hostname="DESKTOP-VFU7UBS" failures="0" tests="1" name="XMLResponse.AdditionalValidationForXMLResponse" time="2.216" errors="0" timestamp="2023-08-10T13:25:23 IST" skipped="0">
  <testcase classname="XMLResponse.AdditionalValidationForXMLResponse" name="testXMLResponseBody" time="2.216"/>
</testsuite> <!-- XMLResponse.AdditionalValidationForXMLResponse -->
