<?xml version="1.0" encoding="UTF-8"?>
<!-- Generated by org.testng.reporters.JUnitReportReporter -->
<testsuite hostname="DESKTOP-VFU7UBS" failures="0" tests="1" name="SerializationAndDeserialization.Serialization" time="0.930" errors="0" timestamp="2023-08-10T15:00:29 IST" skipped="0">
  <testcase classname="SerializationAndDeserialization.Serialization" name="convertPojo2Json" time="0.930"/>
</testsuite> <!-- SerializationAndDeserialization.Serialization -->
