<?xml version="1.0" encoding="UTF-8"?>
<!-- Generated by org.testng.reporters.JUnitReportReporter -->
<testsuite hostname="DESKTOP-VFU7UBS" failures="0" tests="1" name="XMLResponse.ParsingXMLResponseInVariable" time="2.122" errors="0" timestamp="2023-08-10T13:25:29 IST" skipped="0">
  <testcase classname="XMLResponse.ParsingXMLResponseInVariable" name="testXMLResponse" time="2.122"/>
</testsuite> <!-- XMLResponse.ParsingXMLResponseInVariable -->
