<?xml version="1.0" encoding="UTF-8"?>
<!-- Generated by org.testng.reporters.JUnitReportReporter -->
<testsuite hostname="DESKTOP-VFU7UBS" failures="0" tests="1" name="CookiesAndHeaderDemo.CookiesAndHeader" time="2.823" errors="0" timestamp="2023-07-26T12:18:49 IST" skipped="0">
  <testcase classname="CookiesAndHeaderDemo.CookiesAndHeader" name="testCookies" time="2.823"/>
  <system-out/>
</testsuite> <!-- CookiesAndHeaderDemo.CookiesAndHeader -->
