<?xml version="1.0" encoding="UTF-8"?>
<!-- Generated by org.testng.reporters.JUnitReportReporter -->
<testsuite hostname="DESKTOP-VFU7UBS" failures="0" tests="4" name="apiMethods.GETMethod" time="4.490" errors="0" timestamp="2023-07-18T17:09:36 IST" skipped="0">
  <testcase classname="apiMethods.GETMethod" name="getUser" time="2.465"/>
  <system-out/>
  <testcase classname="apiMethods.GETMethod" name="createUser" time="0.760"/>
  <system-out/>
  <testcase classname="apiMethods.GETMethod" name="updateUser" time="0.341"/>
  <system-out/>
  <testcase classname="apiMethods.GETMethod" name="deleteUser" time="0.924"/>
  <system-out/>
</testsuite> <!-- apiMethods.GETMethod -->
