<?xml version="1.0" encoding="UTF-8"?>
<!-- Generated by org.testng.reporters.JUnitReportReporter -->
<testsuite hostname="DESKTOP-VFU7UBS" failures="0" tests="3" name="Authentication.BasicAuthentications" time="9.751" errors="0" timestamp="2023-08-10T15:04:09 IST" skipped="0">
  <testcase classname="Authentication.BasicAuthentications" name="testBasicAuthentication" time="6.653"/>
  <testcase classname="Authentication.BasicAuthentications" name="testDigestAuthentication" time="1.698"/>
  <testcase classname="Authentication.BasicAuthentications" name="testPreemptiveAuthentication" time="1.400"/>
</testsuite> <!-- Authentication.BasicAuthentications -->
