<?xml version="1.0" encoding="UTF-8"?>
<!-- Generated by org.testng.reporters.JUnitReportReporter -->
<testsuite hostname="DESKTOP-VFU7UBS" failures="0" tests="1" name="apiMethods.PostUsingPOJOClass" time="5.277" errors="0" timestamp="2023-07-25T15:48:49 IST" skipped="0">
  <testcase classname="apiMethods.PostUsingPOJOClass" name="PostUsingPOJOClass" time="5.277"/>
  <system-out/>
</testsuite> <!-- apiMethods.PostUsingPOJOClass -->
