<?xml version="1.0" encoding="UTF-8"?>
<!-- Generated by org.testng.reporters.JUnitReportReporter -->
<testsuite hostname="DESKTOP-VFU7UBS" failures="0" tests="2" name="differentWayTCreatePostMethod.PostUsingExternalJsonFile" time="4.689" errors="0" timestamp="2023-08-10T11:32:45 IST" skipped="0">
  <testcase classname="differentWayTCreatePostMethod.PostUsingExternalJsonFile" name="PostUsingExternalJson" time="4.601"/>
  <testcase classname="differentWayTCreatePostMethod.PostUsingExternalJsonFile" name="testDelete" time="0.088"/>
</testsuite> <!-- differentWayTCreatePostMethod.PostUsingExternalJsonFile -->
