<?xml version="1.0" encoding="UTF-8"?>
<!-- Generated by org.testng.reporters.JUnitReportReporter -->
<testsuite hostname="DESKTOP-VFU7UBS" failures="0" tests="1" name="cookiesDemo.GetAllCoockieInfo" time="3.365" errors="0" timestamp="2023-08-10T11:36:09 IST" skipped="0">
  <testcase classname="cookiesDemo.GetAllCoockieInfo" name="getCookiesInfo" time="3.365"/>
</testsuite> <!-- cookiesDemo.GetAllCoockieInfo -->
