<?xml version="1.0" encoding="UTF-8"?>
<!-- Generated by org.testng.reporters.JUnitReportReporter -->
<testsuite hostname="DESKTOP-VFU7UBS" failures="0" tests="1" name="pathAndQueryParameters.PathAndQueryParameter" time="4.976" errors="0" timestamp="2023-08-10T11:37:45 IST" skipped="0">
  <testcase classname="pathAndQueryParameters.PathAndQueryParameter" name="testQueryAndPathParameters" time="4.976"/>
</testsuite> <!-- pathAndQueryParameters.PathAndQueryParameter -->
