<?xml version="1.0" encoding="UTF-8"?>
<!-- Generated by org.testng.reporters.JUnitReportReporter -->
<testsuite hostname="DESKTOP-VFU7UBS" failures="0" tests="1" name="headerDemo.LogingDemo" time="3.581" errors="0" timestamp="2023-08-10T11:38:57 IST" skipped="0">
  <testcase classname="headerDemo.LogingDemo" name="testLogs" time="3.581"/>
</testsuite> <!-- headerDemo.LogingDemo -->
