<?xml version="1.0" encoding="UTF-8"?>
<!-- Generated by org.testng.reporters.JUnitReportReporter -->
<testsuite hostname="DESKTOP-VFU7UBS" failures="0" tests="1" name="FakerLibrary.FakerDataGenerator" time="0.633" errors="0" timestamp="2023-08-09T11:37:24 IST" skipped="0">
  <testcase classname="FakerLibrary.FakerDataGenerator" name="testGenerateDummyData" time="0.633"/>
</testsuite> <!-- FakerLibrary.FakerDataGenerator -->
