<?xml version="1.0" encoding="UTF-8"?>
<!-- Generated by org.testng.reporters.JUnitReportReporter -->
<testsuite hostname="DESKTOP-VFU7UBS" failures="0" tests="2" name="differentWayTCreatePostMethod.POSTMethodUsingHashMap" time="5.666" errors="0" timestamp="2023-08-10T11:09:03 IST" skipped="0">
  <testcase classname="differentWayTCreatePostMethod.POSTMethodUsingHashMap" name="testPostUsingHashMap" time="5.605"/>
  <testcase classname="differentWayTCreatePostMethod.POSTMethodUsingHashMap" name="testDelete" time="0.061"/>
</testsuite> <!-- differentWayTCreatePostMethod.POSTMethodUsingHashMap -->
