<?xml version="1.0" encoding="UTF-8"?>
<!-- Generated by org.testng.reporters.JUnitReportReporter -->
<testsuite hostname="DESKTOP-VFU7UBS" failures="0" tests="2" name="apiMethods.POSTMethodInDiffWay" time="4.671" errors="0" timestamp="2023-07-25T11:34:11 IST" skipped="0">
  <testcase classname="apiMethods.POSTMethodInDiffWay" name="testPostUsingHashMap" time="4.590"/>
  <system-out/>
  <testcase classname="apiMethods.POSTMethodInDiffWay" name="testDelete" time="0.081"/>
  <system-out/>
</testsuite> <!-- apiMethods.POSTMethodInDiffWay -->
