<?xml version="1.0" encoding="UTF-8"?>
<!-- Generated by org.testng.reporters.JUnitReportReporter -->
<testsuite hostname="DESKTOP-VFU7UBS" failures="0" tests="1" name="XMLResponse.ParsingXMLResponseInVariable" time="1.919" errors="0" timestamp="2023-08-10T18:15:50 IST" skipped="0">
  <testcase classname="XMLResponse.ParsingXMLResponseInVariable" name="testXMLResponse" time="1.919"/>
</testsuite> <!-- XMLResponse.ParsingXMLResponseInVariable -->
