<?xml version="1.0" encoding="UTF-8"?>
<!-- Generated by org.testng.reporters.JUnitReportReporter -->
<testsuite hostname="DESKTOP-VFU7UBS" failures="0" tests="1" name="ValidateSchemaResponseForJsonAndXml.XMLSchemaValidation" time="1.614" errors="0" timestamp="2023-08-10T13:34:00 IST" skipped="0">
  <testcase classname="ValidateSchemaResponseForJsonAndXml.XMLSchemaValidation" name="xmlschemaValidation" time="1.614"/>
</testsuite> <!-- ValidateSchemaResponseForJsonAndXml.XMLSchemaValidation -->
