<?xml version="1.0" encoding="UTF-8"?>
<!-- Generated by org.testng.reporters.JUnitReportReporter -->
<testsuite hostname="DESKTOP-VFU7UBS" failures="0" tests="1" name="apiMethods.PostUSingOrgJsonLibrary" time="2.425" errors="0" timestamp="2023-07-25T13:46:57 IST" skipped="0">
  <testcase classname="apiMethods.PostUSingOrgJsonLibrary" name="PostUsingOrgJsonLib" time="2.425"/>
  <system-out/>
</testsuite> <!-- apiMethods.PostUSingOrgJsonLibrary -->
