<?xml version="1.0" encoding="UTF-8"?>
<!-- Generated by org.testng.reporters.JUnitReportReporter -->
<testsuite hostname="DESKTOP-VFU7UBS" failures="0" tests="1" name="Authentication.Auth1AndAuth2Authentication" time="4.523" errors="0" timestamp="2023-08-04T17:41:05 IST" skipped="0">
  <testcase classname="Authentication.Auth1AndAuth2Authentication" name="testAuth2Authentication" time="4.523"/>
</testsuite> <!-- Authentication.Auth1AndAuth2Authentication -->
