<?xml version="1.0" encoding="UTF-8"?>
<!-- Generated by org.testng.reporters.JUnitReportReporter -->
<testsuite hostname="DESKTOP-VFU7UBS" failures="0" tests="1" name="CookiesAndHeaderDemo.Cookies" time="2.570" errors="0" timestamp="2023-07-26T12:56:27 IST" skipped="0">
  <testcase classname="CookiesAndHeaderDemo.Cookies" name="getCookiesInfo" time="2.570"/>
  <system-out/>
</testsuite> <!-- CookiesAndHeaderDemo.Cookies -->
