<?xml version="1.0" encoding="UTF-8"?>
<!-- Generated by org.testng.reporters.JUnitReportReporter -->
<testsuite hostname="DESKTOP-VFU7UBS" failures="0" tests="1" name="Authentication.Authentication" time="7.781" errors="0" timestamp="2023-08-04T16:23:44 IST" skipped="0">
  <testcase classname="Authentication.Authentication" name="testBasicAuthentication" time="7.781"/>
</testsuite> <!-- Authentication.Authentication -->
