<?xml version="1.0" encoding="UTF-8"?>
<!-- Generated by org.testng.reporters.JUnitReportReporter -->
<testsuite hostname="DESKTOP-VFU7UBS" failures="0" tests="1" name="apiMethods.PostUsingExternalJsonFile" time="5.581" errors="0" timestamp="2023-07-25T16:27:47 IST" skipped="0">
  <testcase classname="apiMethods.PostUsingExternalJsonFile" name="PostUsingExternalJson" time="5.581"/>
  <system-out/>
</testsuite> <!-- apiMethods.PostUsingExternalJsonFile -->
