<?xml version="1.0" encoding="UTF-8"?>
<!-- Generated by org.testng.reporters.JUnitReportReporter -->
<testsuite hostname="DESKTOP-VFU7UBS" failures="0" tests="1" name="XMLResponse.ParsingXMLResponse" time="2.415" errors="0" timestamp="2023-08-10T13:25:15 IST" skipped="0">
  <testcase classname="XMLResponse.ParsingXMLResponse" name="testXMLResponse" time="2.415"/>
</testsuite> <!-- XMLResponse.ParsingXMLResponse -->
