<?xml version="1.0" encoding="UTF-8"?>
<!-- Generated by org.testng.reporters.JUnitReportReporter -->
<testsuite hostname="DESKTOP-VFU7UBS" failures="0" tests="1" name="headerDemo.Header" time="4.275" errors="0" timestamp="2023-07-26T14:27:20 IST" skipped="0">
  <testcase classname="headerDemo.Header" name="testHeader" time="4.275"/>
  <system-out/>
</testsuite> <!-- headerDemo.Header -->
