<?xml version="1.0" encoding="UTF-8"?>
<!-- Generated by org.testng.reporters.JUnitReportReporter -->
<testsuite hostname="DESKTOP-VFU7UBS" failures="0" tests="1" name="ValidateSchemaResponseForJsonAndXml.JSONSchemaValidation" time="3.355" errors="0" timestamp="2023-08-10T15:18:13 IST" skipped="0">
  <testcase classname="ValidateSchemaResponseForJsonAndXml.JSONSchemaValidation" name="jsonSchemaValidation" time="3.355"/>
</testsuite> <!-- ValidateSchemaResponseForJsonAndXml.JSONSchemaValidation -->
