<?xml version="1.0" encoding="UTF-8"?>
<!-- Generated by org.testng.reporters.JUnitReportReporter -->
<testsuite hostname="DESKTOP-VFU7UBS" failures="0" tests="1" name="cookiesDemo.GetCookiesKeyValue" time="3.823" errors="0" timestamp="2023-08-10T11:36:26 IST" skipped="0">
  <testcase classname="cookiesDemo.GetCookiesKeyValue" name="getCookiesInfo" time="3.823"/>
</testsuite> <!-- cookiesDemo.GetCookiesKeyValue -->
