<?xml version="1.0" encoding="UTF-8"?>
<!-- Generated by org.testng.reporters.JUnitReportReporter -->
<testsuite hostname="DESKTOP-VFU7UBS" failures="0" tests="1" name="Authentication.BearedTokenAuthentication" time="4.366" errors="0" timestamp="2023-08-10T15:04:33 IST" skipped="0">
  <testcase classname="Authentication.BearedTokenAuthentication" name="testBearedTokenAuthentication" time="4.366"/>
</testsuite> <!-- Authentication.BearedTokenAuthentication -->
