<?xml version="1.0" encoding="UTF-8"?>
<!-- Generated by org.testng.reporters.JUnitReportReporter -->
<testsuite hostname="DESKTOP-VFU7UBS" failures="0" tests="1" name="headerDemo.GetAllHeadersInfo" time="3.625" errors="0" timestamp="2023-08-10T11:48:39 IST" skipped="0">
  <testcase classname="headerDemo.GetAllHeadersInfo" name="getHeaders" time="3.625"/>
</testsuite> <!-- headerDemo.GetAllHeadersInfo -->
