<?xml version="1.0" encoding="UTF-8"?>
<!-- Generated by org.testng.reporters.JUnitReportReporter -->
<testsuite hostname="DESKTOP-VFU7UBS" failures="0" tests="1" name="headerDemo.GetSingleHeaderInfo" time="3.420" errors="0" timestamp="2023-08-10T11:48:22 IST" skipped="0">
  <testcase classname="headerDemo.GetSingleHeaderInfo" name="getHeaders" time="3.420"/>
</testsuite> <!-- headerDemo.GetSingleHeaderInfo -->
